<?xml version="1.0" encoding="UTF-8"?>
<testng-results skipped="0" failed="0" ignored="0" total="1" passed="1">
  <reporter-output>
  </reporter-output>
  <suite name="Suite" duration-ms="44487" started-at="2021-07-03T19:13:05 IST" finished-at="2021-07-03T19:13:49 IST">
    <groups>
    </groups>
    <test name="Test" duration-ms="44487" started-at="2021-07-03T19:13:05 IST" finished-at="2021-07-03T19:13:49 IST">
      <class name="testingDemo.TestDemo">
        <test-method status="PASS" signature="sampleTest()[pri:0, instance:testingDemo.TestDemo@7fac631b]" name="sampleTest" duration-ms="44278" started-at="2021-07-03T19:13:05 IST" finished-at="2021-07-03T19:13:49 IST">
          <reporter-output>
          </reporter-output>
        </test-method> <!-- sampleTest -->
      </class> <!-- testingDemo.TestDemo -->
    </test> <!-- Test -->
  </suite> <!-- Suite -->
</testng-results>
