<?xml version="1.0" encoding="UTF-8"?>
<testng-results skipped="0" failed="0" ignored="0" total="1" passed="1">
  <reporter-output>
  </reporter-output>
  <suite name="Default suite" duration-ms="80" started-at="2021-07-04T04:58:06Z" finished-at="2021-07-04T04:58:07Z">
    <groups>
    </groups>
    <test name="Default test" duration-ms="80" started-at="2021-07-04T04:58:06Z" finished-at="2021-07-04T04:58:07Z">
      <class name="testingDemo.TestDemo">
        <test-method status="PASS" signature="sampleTest()[pri:0, instance:testingDemo.TestDemo@ae45eb6]" name="sampleTest" duration-ms="28" started-at="2021-07-04T04:58:07Z" finished-at="2021-07-04T04:58:07Z">
          <reporter-output>
          </reporter-output>
        </test-method> <!-- sampleTest -->
      </class> <!-- testingDemo.TestDemo -->
    </test> <!-- Default test -->
  </suite> <!-- Default suite -->
</testng-results>
